d:\studia\semestr 5\modelowanie\particles\particles\obj\debug\main.obj
d:\studia\semestr 5\modelowanie\particles\particles\obj\debug\ofapp.obj
d:\studia\semestr 5\modelowanie\particles\particles\obj\debug\vc141.pdb
d:\studia\semestr 5\particlesystem\particles\obj\debug\main.obj
d:\studia\semestr 5\particlesystem\particles\obj\debug\ofapp.obj
d:\studia\semestr 5\particlesystem\particles\obj\debug\vc141.pdb
d:\studia\semestr 5\modelowanie\particles\particles\bin\particles_debug.ilk
d:\studia\semestr 5\modelowanie\particles\particles\bin\particles_debug.exe
d:\studia\semestr 5\modelowanie\particles\particles\bin\particles_debug.pdb
d:\studia\semestr 5\particlesystem\particles\bin\particles_debug.exe
d:\studia\semestr 5\particlesystem\particles\bin\particles_debug.ilk
d:\studia\semestr 5\particlesystem\particles\bin\particles_debug.pdb
d:\studia\semestr 5\modelowanie\particles\particles\bin\particles_debug.lib
d:\studia\semestr 5\modelowanie\particles\particles\bin\particles_debug.exp
d:\studia\semestr 5\particlesystem\particles\bin\particles_debug.lib
d:\studia\semestr 5\particlesystem\particles\bin\particles_debug.exp
d:\studia\semestr 5\modelowanie\particles\particles\obj\debug\icon.res
d:\studia\semestr 5\particlesystem\particles\obj\debug\icon.res
d:\studia\semestr 5\particlesystem\particles\obj\debug\particles.tlog\cl.command.1.tlog
d:\studia\semestr 5\particlesystem\particles\obj\debug\particles.tlog\cl.read.1.tlog
d:\studia\semestr 5\particlesystem\particles\obj\debug\particles.tlog\cl.write.1.tlog
d:\studia\semestr 5\particlesystem\particles\obj\debug\particles.tlog\link.command.1.tlog
d:\studia\semestr 5\particlesystem\particles\obj\debug\particles.tlog\link.read.1.tlog
d:\studia\semestr 5\particlesystem\particles\obj\debug\particles.tlog\link.write.1.tlog
d:\studia\semestr 5\particlesystem\particles\obj\debug\particles.tlog\particles.write.1u.tlog
d:\studia\semestr 5\particlesystem\particles\obj\debug\particles.tlog\rc.command.1.tlog
d:\studia\semestr 5\particlesystem\particles\obj\debug\particles.tlog\rc.read.1.tlog
d:\studia\semestr 5\particlesystem\particles\obj\debug\particles.tlog\rc.write.1.tlog
